Using pre-set license
Built from '2020.3/staging' branch; Version is '2020.3.0f1 (c7b5465681fb) revision 13088070'; Using compiler version '192528614'; Build Type 'Release'
OS: 'Windows 10 Home; OS build 19042.1415; Version 2009; 64bit' Language: 'ko' Physical Memory: 8110 MB
BatchMode: 1, IsHumanControllingUs: 0, StartBugReporterOnCrash: 0, Is64bit: 1, IsPro: 0

 COMMAND LINE ARGUMENTS:
C:\Program Files\Unity\Hub\Editor\2020.3.0f1\Editor\Unity.exe
-adb2
-batchMode
-noUpm
-name
AssetImportWorker3
-projectPath
C:/Users/hyunhee/Documents/GitHub/DollHouse/DollProjectFolder/DollProject
-logFile
Logs/AssetImportWorker3.log
-srvPort
54798
Successfully changed project path to: C:/Users/hyunhee/Documents/GitHub/DollHouse/DollProjectFolder/DollProject
C:/Users/hyunhee/Documents/GitHub/DollHouse/DollProjectFolder/DollProject
Using Asset Import Pipeline V2.
Refreshing native plugins compatible for Editor in 203.62 ms, found 1 plugins.
Preloading 0 native plugins for Editor in 0.00 ms.
Initialize engine version: 2020.3.0f1 (c7b5465681fb)
[Subsystems] Discovering subsystems at path C:/Program Files/Unity/Hub/Editor/2020.3.0f1/Editor/Data/Resources/UnitySubsystems
[Subsystems] Discovering subsystems at path C:/Users/hyunhee/Documents/GitHub/DollHouse/DollProjectFolder/DollProject/Assets
GfxDevice: creating device client; threaded=0
Direct3D:
    Version:  Direct3D 11.0 [level 11.1]
    Renderer: Intel(R) HD Graphics 520 (ID=0x1916)
    Vendor:   
    VRAM:     4055 MB
    Driver:   25.20.100.6472
Initialize mono
Mono path[0] = 'C:/Program Files/Unity/Hub/Editor/2020.3.0f1/Editor/Data/Managed'
Mono path[1] = 'C:/Program Files/Unity/Hub/Editor/2020.3.0f1/Editor/Data/MonoBleedingEdge/lib/mono/unityjit'
Mono config path = 'C:/Program Files/Unity/Hub/Editor/2020.3.0f1/Editor/Data/MonoBleedingEdge/etc'
Using monoOptions --debugger-agent=transport=dt_socket,embedding=1,server=y,suspend=n,address=127.0.0.1:56644
Begin MonoManager ReloadAssembly
Registering precompiled unity dll's ...
Register platform support module: C:/Program Files/Unity/Hub/Editor/2020.3.0f1/Editor/Data/PlaybackEngines/WindowsStandaloneSupport/UnityEditor.WindowsStandalone.Extensions.dll
Registered in 0.022546 seconds.
Native extension for WindowsStandalone target not found
Refreshing native plugins compatible for Editor in 202.66 ms, found 1 plugins.
Preloading 0 native plugins for Editor in 0.00 ms.
Invoked RoslynAnalysisRunner static constructor.
RoslynAnalysisRunner will not be running.
RoslynAnalysisRunner has terminated.
Mono: successfully reloaded assembly
- Completed reload, in  9.292 seconds
Platform modules already initialized, skipping
Registering precompiled user dll's ...
Registered in 0.003930 seconds.
Begin MonoManager ReloadAssembly
Native extension for WindowsStandalone target not found
Refreshing native plugins compatible for Editor in 268.89 ms, found 1 plugins.
Preloading 0 native plugins for Editor in 0.00 ms.
Invoked RoslynAnalysisRunner static constructor.
RoslynAnalysisRunner will not be running.
RoslynAnalysisRunner has terminated.
Mono: successfully reloaded assembly
- Completed reload, in  5.382 seconds
Platform modules already initialized, skipping
========================================================================
Worker process is ready to serve import requests
Launched and connected shader compiler UnityShaderCompiler.exe after 0.32 seconds
Refreshing native plugins compatible for Editor in 1.02 ms, found 1 plugins.
Preloading 0 native plugins for Editor in 0.00 ms.
Unloading 1937 Unused Serialized files (Serialized files now loaded: 0)
System memory in use before: 92.7 MB.
System memory in use after: 92.7 MB.

Unloading 23 unused Assets to reduce memory usage. Loaded Objects now: 2381.
Total: 5.627600 ms (FindLiveObjects: 0.507300 ms CreateObjectMapping: 0.278600 ms MarkObjects: 4.566500 ms  DeleteObjects: 0.272400 ms)

========================================================================
Received Import Request.
  path: Assets/Scripts/Manager/TouchObjectManager/EmptyDiary.cs
  artifactKey: Guid(39537924606101d4689ea3acaf672d83) Importer(815301076,1909f56bfc062723c751e8b465ee728b)
Start importing Assets/Scripts/Manager/TouchObjectManager/EmptyDiary.cs using Guid(39537924606101d4689ea3acaf672d83) Importer(815301076,1909f56bfc062723c751e8b465ee728b)  -> (artifact id: 'e48eb7dfda23148cbcb545cb9ffc5a57') in 1.937740 seconds
  Import took 1.982556 seconds .

========================================================================
Received Prepare
Registering precompiled user dll's ...
Registered in 0.024810 seconds.
Begin MonoManager ReloadAssembly
Native extension for WindowsStandalone target not found
Refreshing native plugins compatible for Editor in 0.58 ms, found 1 plugins.
Preloading 0 native plugins for Editor in 0.00 ms.
Invoked RoslynAnalysisRunner static constructor.
RoslynAnalysisRunner will not be running.
RoslynAnalysisRunner has terminated.
Mono: successfully reloaded assembly
- Completed reload, in  3.437 seconds
Platform modules already initialized, skipping
Refreshing native plugins compatible for Editor in 1.11 ms, found 1 plugins.
Preloading 0 native plugins for Editor in 0.00 ms.
Unloading 1905 Unused Serialized files (Serialized files now loaded: 0)
System memory in use before: 90.6 MB.
System memory in use after: 90.6 MB.

Unloading 12 unused Assets to reduce memory usage. Loaded Objects now: 2385.
Total: 40.075900 ms (FindLiveObjects: 0.453000 ms CreateObjectMapping: 25.633800 ms MarkObjects: 13.741200 ms  DeleteObjects: 0.244500 ms)

========================================================================
Received Import Request.
  Time since last request: 85.740472 seconds.
  path: Assets/Scripts/Manager/TouchObjectManager/EmptyDiary.cs
  artifactKey: Guid(39537924606101d4689ea3acaf672d83) Importer(815301076,1909f56bfc062723c751e8b465ee728b)
Start importing Assets/Scripts/Manager/TouchObjectManager/EmptyDiary.cs using Guid(39537924606101d4689ea3acaf672d83) Importer(815301076,1909f56bfc062723c751e8b465ee728b)  -> (artifact id: '68d89142776796aacac446c2c36e2833') in 0.030854 seconds
  Import took 0.058002 seconds .

========================================================================
Received Import Request.
  Time since last request: 0.000524 seconds.
  path: Assets/Scripts/Manager/TouchObjectManager/Diary.cs
  artifactKey: Guid(2a5ae178a307e624eade68e907426e0a) Importer(815301076,1909f56bfc062723c751e8b465ee728b)
Start importing Assets/Scripts/Manager/TouchObjectManager/Diary.cs using Guid(2a5ae178a307e624eade68e907426e0a) Importer(815301076,1909f56bfc062723c751e8b465ee728b)  -> (artifact id: 'd484fb1acab39b34621edd57a6a060de') in 0.170024 seconds
  Import took 0.237063 seconds .

========================================================================
Received Prepare
Registering precompiled user dll's ...
Registered in 0.063377 seconds.
Begin MonoManager ReloadAssembly
Native extension for WindowsStandalone target not found
Refreshing native plugins compatible for Editor in 1.06 ms, found 1 plugins.
Preloading 0 native plugins for Editor in 0.00 ms.
Invoked RoslynAnalysisRunner static constructor.
RoslynAnalysisRunner will not be running.
RoslynAnalysisRunner has terminated.
Mono: successfully reloaded assembly
- Completed reload, in  5.086 seconds
Platform modules already initialized, skipping
Refreshing native plugins compatible for Editor in 0.68 ms, found 1 plugins.
Preloading 0 native plugins for Editor in 0.00 ms.
Unloading 1905 Unused Serialized files (Serialized files now loaded: 0)
System memory in use before: 90.7 MB.
System memory in use after: 90.7 MB.

Unloading 12 unused Assets to reduce memory usage. Loaded Objects now: 2389.
Total: 6.504600 ms (FindLiveObjects: 0.416400 ms CreateObjectMapping: 0.128700 ms MarkObjects: 3.905000 ms  DeleteObjects: 2.050200 ms)

========================================================================
Received Import Request.
  Time since last request: 78.419397 seconds.
  path: Assets/Scripts/Manager/TouchObjectManager/Diary.cs
  artifactKey: Guid(2a5ae178a307e624eade68e907426e0a) Importer(815301076,1909f56bfc062723c751e8b465ee728b)
Start importing Assets/Scripts/Manager/TouchObjectManager/Diary.cs using Guid(2a5ae178a307e624eade68e907426e0a) Importer(815301076,1909f56bfc062723c751e8b465ee728b)  -> (artifact id: 'a9b1cf0eef84d0617bd9416b362f8e3e') in 0.041450 seconds
  Import took 0.057697 seconds .

========================================================================
Received Prepare
Registering precompiled user dll's ...
Registered in 0.015646 seconds.
Begin MonoManager ReloadAssembly
Native extension for WindowsStandalone target not found
Refreshing native plugins compatible for Editor in 2.17 ms, found 1 plugins.
Preloading 0 native plugins for Editor in 0.00 ms.
Invoked RoslynAnalysisRunner static constructor.
RoslynAnalysisRunner will not be running.
RoslynAnalysisRunner has terminated.
Mono: successfully reloaded assembly
- Completed reload, in  4.411 seconds
Platform modules already initialized, skipping
Refreshing native plugins compatible for Editor in 0.91 ms, found 1 plugins.
Preloading 0 native plugins for Editor in 0.00 ms.
Unloading 1905 Unused Serialized files (Serialized files now loaded: 0)
System memory in use before: 90.7 MB.
System memory in use after: 90.7 MB.

Unloading 12 unused Assets to reduce memory usage. Loaded Objects now: 2393.
Total: 8.412900 ms (FindLiveObjects: 0.931200 ms CreateObjectMapping: 0.805000 ms MarkObjects: 6.499100 ms  DeleteObjects: 0.174400 ms)

AssetImportWorkerClient::OnTransportError - code=2 error=End of file
